{"level":"warn","message":"Error 404 ruta no encontrada"}
{"level":"warn","message":"Error 404 ruta no encontrada"}{"level":"warn","message":"Error: 404 ruta no encontrada"}
{"address":"127.0.0.1","code":"ECONNREFUSED","errno":-4078,"fatal":true,"level":"error","message":"error!:  connect ECONNREFUSED 127.0.0.1:3306","port":3306,"stack":"Error: connect ECONNREFUSED 127.0.0.1:3306\n    at TCPConnectWrap.afterConnect [as oncomplete] (node:net:1494:16)\n    --------------------\n    at Protocol._enqueue (C:\\Users\\Robertino\\Desktop\\curso-de-backend\\entrega12\\node_modules\\mysql\\lib\\protocol\\Protocol.js:144:48)\n    at Protocol.handshake (C:\\Users\\Robertino\\Desktop\\curso-de-backend\\entrega12\\node_modules\\mysql\\lib\\protocol\\Protocol.js:51:23)\n    at Connection.connect (C:\\Users\\Robertino\\Desktop\\curso-de-backend\\entrega12\\node_modules\\mysql\\lib\\Connection.js:116:18)\n    at C:\\Users\\Robertino\\Desktop\\curso-de-backend\\entrega12\\node_modules\\knex\\lib\\dialects\\mysql\\index.js:66:18\n    at new Promise (<anonymous>)\n    at Client_MySQL.acquireRawConnection (C:\\Users\\Robertino\\Desktop\\curso-de-backend\\entrega12\\node_modules\\knex\\lib\\dialects\\mysql\\index.js:61:12)\n    at create (C:\\Users\\Robertino\\Desktop\\curso-de-backend\\entrega12\\node_modules\\knex\\lib\\client.js:254:39)\n    at process.processTicksAndRejections (node:internal/process/task_queues:95:5)","syscall":"connect"}
{"address":"127.0.0.1","code":"ECONNREFUSED","errno":-4078,"fatal":true,"level":"error","message":"error!:  connect ECONNREFUSED 127.0.0.1:3306","port":3306,"stack":"Error: connect ECONNREFUSED 127.0.0.1:3306\n    at TCPConnectWrap.afterConnect [as oncomplete] (node:net:1494:16)\n    --------------------\n    at Protocol._enqueue (C:\\Users\\Robertino\\Desktop\\curso-de-backend\\entrega12\\node_modules\\mysql\\lib\\protocol\\Protocol.js:144:48)\n    at Protocol.handshake (C:\\Users\\Robertino\\Desktop\\curso-de-backend\\entrega12\\node_modules\\mysql\\lib\\protocol\\Protocol.js:51:23)\n    at Connection.connect (C:\\Users\\Robertino\\Desktop\\curso-de-backend\\entrega12\\node_modules\\mysql\\lib\\Connection.js:116:18)\n    at C:\\Users\\Robertino\\Desktop\\curso-de-backend\\entrega12\\node_modules\\knex\\lib\\dialects\\mysql\\index.js:66:18\n    at new Promise (<anonymous>)\n    at Client_MySQL.acquireRawConnection (C:\\Users\\Robertino\\Desktop\\curso-de-backend\\entrega12\\node_modules\\knex\\lib\\dialects\\mysql\\index.js:61:12)\n    at create (C:\\Users\\Robertino\\Desktop\\curso-de-backend\\entrega12\\node_modules\\knex\\lib\\client.js:254:39)","syscall":"connect"}
{"address":"127.0.0.1","code":"ECONNREFUSED","errno":-4078,"fatal":true,"level":"error","message":"error!:  connect ECONNREFUSED 127.0.0.1:3306","port":3306,"stack":"Error: connect ECONNREFUSED 127.0.0.1:3306\n    at TCPConnectWrap.afterConnect [as oncomplete] (node:net:1494:16)\n    --------------------\n    at Protocol._enqueue (C:\\Users\\Robertino\\Desktop\\curso-de-backend\\entrega12\\node_modules\\mysql\\lib\\protocol\\Protocol.js:144:48)\n    at Protocol.handshake (C:\\Users\\Robertino\\Desktop\\curso-de-backend\\entrega12\\node_modules\\mysql\\lib\\protocol\\Protocol.js:51:23)\n    at Connection.connect (C:\\Users\\Robertino\\Desktop\\curso-de-backend\\entrega12\\node_modules\\mysql\\lib\\Connection.js:116:18)\n    at C:\\Users\\Robertino\\Desktop\\curso-de-backend\\entrega12\\node_modules\\knex\\lib\\dialects\\mysql\\index.js:66:18\n    at new Promise (<anonymous>)\n    at Client_MySQL.acquireRawConnection (C:\\Users\\Robertino\\Desktop\\curso-de-backend\\entrega12\\node_modules\\knex\\lib\\dialects\\mysql\\index.js:61:12)\n    at create (C:\\Users\\Robertino\\Desktop\\curso-de-backend\\entrega12\\node_modules\\knex\\lib\\client.js:254:39)\n    at process.processTicksAndRejections (node:internal/process/task_queues:95:5)","syscall":"connect"}
{"level":"error","message":"ruta: '/api/jamon' - método: get peticionada"}
{"level":"error","message":"ruta: '/favicon.ico' - método: get peticionada"}
{"level":"error"}
{"level":"error"}
{"level":"error"}
{"level":"error"}
{"level":"error"}
{"level":"error"}
{"level":"error"}
{"level":"error"}
{"level":"error"}
{"level":"error"}
{"level":"error"}
{"level":"error"}
{"level":"error"}
{"level":"error"}
{"level":"error"}
{"level":"error"}
{"level":"error"}
{"level":"error"}
{"level":"error"}
{"level":"error"}
{"level":"error"}
{"level":"error"}
{"level":"error"}
{"level":"error"}
{"level":"error"}
{"level":"error"}
{"level":"error"}
{"level":"error"}
{"level":"error"}
{"level":"error"}
{"level":"error"}
{"level":"error"}
{"level":"error"}
{"level":"error"}
{"level":"error"}
{"level":"error"}
{"level":"error"}
{"level":"error"}
{"level":"error"}
{"level":"error"}
{"level":"error"}
{"level":"error","message":"error!:  id is not defined","stack":"ReferenceError: id is not defined\n    at Repository.updateItem (C:\\Users\\Robertino\\Desktop\\curso-de-backend\\Entrega12\\daos\\ProductosDaoDb.js:70:21)\n    at process.processTicksAndRejections (node:internal/process/task_queues:95:5)\n    at async Repository.modify (C:\\Users\\Robertino\\Desktop\\curso-de-backend\\Entrega12\\repository\\Factory.js:46:20)\n    at async modifyProduct (C:\\Users\\Robertino\\Desktop\\curso-de-backend\\Entrega12\\controllers\\productos.js:33:19)"}
{"level":"error","message":"error!:  id is not defined","stack":"ReferenceError: id is not defined\n    at Repository.updateItem (C:\\Users\\Robertino\\Desktop\\curso-de-backend\\Entrega12\\daos\\ProductosDaoDb.js:70:21)\n    at process.processTicksAndRejections (node:internal/process/task_queues:95:5)\n    at async Repository.modify (C:\\Users\\Robertino\\Desktop\\curso-de-backend\\Entrega12\\repository\\Factory.js:46:20)\n    at async modifyProduct (C:\\Users\\Robertino\\Desktop\\curso-de-backend\\Entrega12\\controllers\\productos.js:34:19)"}
{"_message":"productosent validation failed","errors":{"nombre":{"kind":"required","message":"Path `nombre` is required.","name":"ValidatorError","path":"nombre","properties":{"message":"Path `nombre` is required.","path":"nombre","type":"required"}},"precio":{"kind":"required","message":"un valor debe ser incluido","name":"ValidatorError","path":"precio","properties":{"message":"un valor debe ser incluido","path":"precio","type":"required"}},"thumbnail":{"kind":"required","message":"Path `thumbnail` is required.","name":"ValidatorError","path":"thumbnail","properties":{"message":"Path `thumbnail` is required.","path":"thumbnail","type":"required"}}},"level":"error","message":"error!:  productosent validation failed: thumbnail: Path `thumbnail` is required., precio: un valor debe ser incluido, nombre: Path `nombre` is required.","stack":"ValidationError: productosent validation failed: thumbnail: Path `thumbnail` is required., precio: un valor debe ser incluido, nombre: Path `nombre` is required.\n    at Document.invalidate (C:\\Users\\Robertino\\Desktop\\curso-de-backend\\Entrega12\\node_modules\\mongoose\\lib\\document.js:3125:32)\n    at C:\\Users\\Robertino\\Desktop\\curso-de-backend\\Entrega12\\node_modules\\mongoose\\lib\\document.js:2913:17\n    at C:\\Users\\Robertino\\Desktop\\curso-de-backend\\Entrega12\\node_modules\\mongoose\\lib\\schematype.js:1349:9\n    at process.processTicksAndRejections (node:internal/process/task_queues:77:11)"}
